<?xml version="1.0" encoding="UTF-8"?>
<testng-results ignored="0" total="1" passed="1" failed="0" skipped="0">
  <reporter-output>
  </reporter-output>
  <suite started-at="2022-11-23T21:30:07 EST" name="Default suite" finished-at="2022-11-23T21:30:19 EST" duration-ms="11469">
    <groups>
      <group name="cucumber">
        <method signature="AbstractTestNGCucumberTests.runScenario(cucumber.api.testng.PickleEventWrapper,cucumber.api.testng.CucumberFeatureWrapper)[pri:0, instance:com.cucumber.test.CucumberRunnerFile@783a467b]" name="runScenario" class="cucumber.api.testng.AbstractTestNGCucumberTests"/>
      </group> <!-- cucumber -->
    </groups>
    <test started-at="2022-11-23T21:30:07 EST" name="Default test" finished-at="2022-11-23T21:30:19 EST" duration-ms="11469">
      <class name="com.cucumber.test.CucumberRunnerFile">
        <test-method is-config="true" signature="setUpClass()[pri:0, instance:com.cucumber.test.CucumberRunnerFile@783a467b]" started-at="2022-11-23T21:30:07 EST" name="setUpClass" finished-at="2022-11-23T21:30:07 EST" duration-ms="164" status="PASS">
          <reporter-output>
          </reporter-output>
        </test-method> <!-- setUpClass -->
        <test-method signature="runScenario(cucumber.api.testng.PickleEventWrapper,cucumber.api.testng.CucumberFeatureWrapper)[pri:0, instance:com.cucumber.test.CucumberRunnerFile@783a467b]" started-at="2022-11-23T21:30:07 EST" name="runScenario" description="Runs Cucumber Scenarios" data-provider="scenarios" finished-at="2022-11-23T21:30:18 EST" duration-ms="11113" status="PASS">
          <params>
            <param index="0">
              <value>
                <![CDATA["As a Luma application user, must do successful login with valid creadential"]]>
              </value>
            </param>
            <param index="1">
              <value>
                <![CDATA["Login function Test"]]>
              </value>
            </param>
          </params>
          <reporter-output>
          </reporter-output>
        </test-method> <!-- runScenario -->
        <test-method is-config="true" signature="tearDownClass()[pri:0, instance:com.cucumber.test.CucumberRunnerFile@783a467b]" started-at="2022-11-23T21:30:18 EST" name="tearDownClass" finished-at="2022-11-23T21:30:19 EST" duration-ms="78" status="PASS">
          <reporter-output>
          </reporter-output>
        </test-method> <!-- tearDownClass -->
      </class> <!-- com.cucumber.test.CucumberRunnerFile -->
    </test> <!-- Default test -->
  </suite> <!-- Default suite -->
</testng-results>
